2025-01-07 19:26:28,612 [NonParallelWorker] INFO  iCargoUIAutomation.pages.BasePage - All cookies are deleted
2025-01-07 19:26:31,097 [NonParallelWorker] INFO  iCargoUIAutomation.pages.BasePage - Opened the url: https://asstg-icargo.ibsplc.aero/icargo/login.do
2025-01-07 19:26:32,756 [NonParallelWorker] INFO  iCargoUIAutomation.pages.BasePage - Refreshed the page
2025-01-07 19:26:32,818 [NonParallelWorker] INFO  iCargoUIAutomation.pages.BasePage - The element By.XPath: //body[@class='login'] is visible
2025-01-07 19:26:34,404 [NonParallelWorker] INFO  iCargoUIAutomation.pages.BasePage - The element By.Id: username is visible
2025-01-07 19:26:34,630 [NonParallelWorker] INFO  iCargoUIAutomation.pages.BasePage - Entered the text iCargoTest3@aagqa.net in the element By.Id: username
2025-01-07 19:26:34,869 [NonParallelWorker] INFO  iCargoUIAutomation.pages.BasePage - Entered the text *TV%My14ytgT96$ in the element By.Id: password
2025-01-07 19:26:35,155 [NonParallelWorker] INFO  iCargoUIAutomation.pages.BasePage - Entered the text *TV%My14ytgT96$ in the element By.Id: password
2025-01-07 19:26:36,955 [NonParallelWorker] INFO  iCargoUIAutomation.pages.BasePage - Clicked on the element By.XPath: //input[@title='Sign In']
2025-01-07 19:26:58,006 [NonParallelWorker] INFO  iCargoUIAutomation.pages.BasePage - The element By.Id: username is invisible
2025-01-07 19:26:58,024 [NonParallelWorker] INFO  iCargoUIAutomation.pages.BasePage - Switched to the new window
2025-01-07 19:26:58,097 [NonParallelWorker] INFO  iCargoUIAutomation.Features.ICargoLoginFeature - Step: Switching station if BaseStation other than Origin 
2025-01-07 19:26:58,166 [NonParallelWorker] INFO  iCargoUIAutomation.pages.BasePage - Extracted the text SEA
2025-01-07 19:26:58,188 [NonParallelWorker] INFO  iCargoUIAutomation.pages.BasePage - Switched to default content
2025-01-07 19:26:58,422 [NonParallelWorker] INFO  iCargoUIAutomation.pages.BasePage - Entered the text CAP018 in the element By.CssSelector: .ic-screen-search
2025-01-07 19:26:58,489 [NonParallelWorker] INFO  iCargoUIAutomation.pages.BasePage - The element By.CssSelector: .ic-screen-search is clickable
2025-01-07 19:26:58,579 [NonParallelWorker] INFO  iCargoUIAutomation.pages.BasePage - Entered the key in the element By.CssSelector: .ic-screen-search
2025-01-07 19:26:58,870 [NonParallelWorker] INFO  iCargoUIAutomation.pages.BasePage - The element By.CssSelector: li[tabindex='0'] is visible
2025-01-07 19:26:58,884 [NonParallelWorker] INFO  iCargoUIAutomation.pages.homePage - Entered Screen Name: CAP018
2025-01-07 19:27:07,778 [NonParallelWorker] INFO  iCargoUIAutomation.pages.BasePage - Switched to frame
2025-01-07 19:27:07,783 [NonParallelWorker] INFO  iCargoUIAutomation.pages.MaintainBookingPage - Switched to CAP018 Frame
2025-01-07 19:27:07,792 [NonParallelWorker] INFO  iCargoUIAutomation.Features.ICargoLoginFeature - Step: Verifying the page title
2025-01-07 19:27:07,814 [NonParallelWorker] INFO  iCargoUIAutomation.Features.ICargoLoginFeature - Actual Page Title: Maintain Booking
2025-01-07 19:27:28,005 [NonParallelWorker] INFO  iCargoUIAutomation.pages.BasePage - The element By.CssSelector: .ic-home-tab is invisible
2025-01-07 19:27:28,174 [NonParallelWorker] INFO  iCargoUIAutomation.pages.BasePage - The element By.XPath: //button[@id='btDisplay'] is visible
2025-01-07 19:27:29,236 [NonParallelWorker] INFO  iCargoUIAutomation.pages.BasePage - Clicked on the element By.XPath: //button[@id='btDisplay']
2025-01-07 19:27:29,295 [NonParallelWorker] INFO  iCargoUIAutomation.pages.MaintainBookingPage - Clicked New List Button
2025-01-07 19:27:51,344 [NonParallelWorker] INFO  iCargoUIAutomation.pages.BasePage - The element By.CssSelector: .ic-home-tab is invisible
2025-01-07 19:27:52,332 [NonParallelWorker] INFO  iCargoUIAutomation.pages.BasePage - Entered the key in the element By.Id: origin
2025-01-07 19:27:52,356 [NonParallelWorker] INFO  iCargoUIAutomation.pages.BasePage - Entered the text SEA in the element By.Id: origin
2025-01-07 19:27:52,364 [NonParallelWorker] INFO  iCargoUIAutomation.pages.MaintainBookingPage - Entered Origin: SEA
2025-01-07 19:27:52,639 [NonParallelWorker] INFO  iCargoUIAutomation.pages.BasePage - Entered the text LAX in the element By.XPath: //input[@name='destination']
2025-01-07 19:27:52,664 [NonParallelWorker] INFO  iCargoUIAutomation.pages.MaintainBookingPage - Entered Destination: LAX
2025-01-07 19:27:52,702 [NonParallelWorker] INFO  iCargoUIAutomation.pages.BasePage - The element By.Id: agentCode is visible
2025-01-07 19:27:52,999 [NonParallelWorker] INFO  iCargoUIAutomation.pages.BasePage - Clicked on the element By.Id: agentCode
2025-01-07 19:27:53,470 [NonParallelWorker] INFO  iCargoUIAutomation.pages.BasePage - Entered the key in the element By.Id: agentCode
2025-01-07 19:27:54,234 [NonParallelWorker] INFO  iCargoUIAutomation.pages.BasePage - Entered the key in the element By.Id: agentCode
2025-01-07 19:27:54,251 [NonParallelWorker] INFO  iCargoUIAutomation.pages.BasePage - Entered the text 11377 in the element By.Id: agentCode
2025-01-07 19:27:54,262 [NonParallelWorker] INFO  iCargoUIAutomation.pages.MaintainBookingPage - Entered Agent Code: 11377
2025-01-07 19:27:54,706 [NonParallelWorker] INFO  iCargoUIAutomation.pages.BasePage - Entered the text 07-Jan-2025 in the element By.Id: shippingDate
2025-01-07 19:27:54,719 [NonParallelWorker] INFO  iCargoUIAutomation.pages.MaintainBookingPage - Entered Shipping Date: 07-Jan-2025
2025-01-07 19:27:55,208 [NonParallelWorker] INFO  iCargoUIAutomation.pages.BasePage - Entered the text GENERAL in the element By.XPath: //input[@name='productName']
2025-01-07 19:27:55,217 [NonParallelWorker] INFO  iCargoUIAutomation.pages.MaintainBookingPage - Entered Product Code: GENERAL
2025-01-07 19:27:55,395 [NonParallelWorker] INFO  iCargoUIAutomation.pages.BasePage - The element By.Id: CMP_Capacity_Booking_MaintainReservation_ShipperDetails_Button is clickable
2025-01-07 19:27:55,943 [NonParallelWorker] INFO  iCargoUIAutomation.pages.BasePage - Clicked on the element By.Id: CMP_Capacity_Booking_MaintainReservation_ShipperDetails_Button
2025-01-07 19:27:55,950 [NonParallelWorker] INFO  iCargoUIAutomation.pages.MaintainBookingPage - Clicked on Shipper Consignee Button
2025-01-07 19:27:55,991 [NonParallelWorker] INFO  iCargoUIAutomation.pages.BasePage - The number of windows opened are: 3
2025-01-07 19:28:16,713 [NonParallelWorker] INFO  iCargoUIAutomation.pages.BasePage - The element By.XPath: //iframe[@name='iCargoContentFrameCAP018'] is invisible
2025-01-07 19:28:17,406 [NonParallelWorker] INFO  iCargoUIAutomation.pages.BasePage - Entered the text 11377 in the element By.XPath: //input[@name='shipperCode']
2025-01-07 19:28:17,411 [NonParallelWorker] INFO  iCargoUIAutomation.pages.MaintainBookingPage - Entered Shipper Code: 11377
2025-01-07 19:28:17,466 [NonParallelWorker] INFO  iCargoUIAutomation.pages.BasePage - The element By.Id: CMP_Capacity_Booking_MaintainReservation_ShipperConsignee_ShipperName_NEW is visible
2025-01-07 19:28:17,641 [NonParallelWorker] INFO  iCargoUIAutomation.pages.BasePage - Clicked on the element By.Id: CMP_Capacity_Booking_MaintainReservation_ShipperConsignee_ShipperName_NEW
2025-01-07 19:28:17,727 [NonParallelWorker] INFO  iCargoUIAutomation.pages.BasePage - Entered the key in the element By.Id: CMP_Capacity_Booking_MaintainReservation_ShipperConsignee_ShipperName_NEW
2025-01-07 19:28:17,765 [NonParallelWorker] INFO  iCargoUIAutomation.pages.BasePage - Extracted the attribute value 
2025-01-07 19:28:18,182 [NonParallelWorker] INFO  iCargoUIAutomation.pages.BasePage - Entered the key in the element By.Id: CMP_Capacity_Booking_MaintainReservation_ShipperConsignee_ShipperName_NEW
2025-01-07 19:28:18,524 [NonParallelWorker] INFO  iCargoUIAutomation.pages.BasePage - Entered the key in the element By.Id: CMP_Capacity_Booking_MaintainReservation_ShipperConsignee_ShipperName_NEW
2025-01-07 19:28:18,564 [NonParallelWorker] INFO  iCargoUIAutomation.pages.BasePage - Entered the text Test Shipper in the element By.Id: CMP_Capacity_Booking_MaintainReservation_ShipperConsignee_ShipperName_NEW
2025-01-07 19:28:19,067 [NonParallelWorker] INFO  iCargoUIAutomation.pages.BasePage - Entered the key in the element By.Id: CMP_Capacity_Booking_MaintainReservation_ShipperConsignee_ShipperFirstAddress_NEW
2025-01-07 19:28:19,123 [NonParallelWorker] INFO  iCargoUIAutomation.pages.BasePage - Entered the text Test Address1 in the element By.Id: CMP_Capacity_Booking_MaintainReservation_ShipperConsignee_ShipperFirstAddress_NEW
2025-01-07 19:28:19,469 [NonParallelWorker] INFO  iCargoUIAutomation.pages.BasePage - Entered the key in the element By.Id: CMP_Capacity_Booking_MaintainReservation_ShipperConsignee_ShipperSecondAddress_NEW
2025-01-07 19:28:19,600 [NonParallelWorker] INFO  iCargoUIAutomation.pages.BasePage - Entered the text Test Address2 in the element By.Id: CMP_Capacity_Booking_MaintainReservation_ShipperConsignee_ShipperSecondAddress_NEW
2025-01-07 19:28:19,887 [NonParallelWorker] INFO  iCargoUIAutomation.pages.BasePage - Entered the key in the element By.Id: CMP_Capacity_Booking_MaintainReservation_ShipperConsignee_ShipperCity_NEW
2025-01-07 19:28:19,901 [NonParallelWorker] INFO  iCargoUIAutomation.pages.BasePage - Entered the text Test City in the element By.Id: CMP_Capacity_Booking_MaintainReservation_ShipperConsignee_ShipperCity_NEW
2025-01-07 19:28:20,196 [NonParallelWorker] INFO  iCargoUIAutomation.pages.BasePage - Entered the key in the element By.Id: CMP_Capacity_Booking_MaintainReservation_ShipperConsignee_ShipperState
2025-01-07 19:28:20,214 [NonParallelWorker] INFO  iCargoUIAutomation.pages.BasePage - Entered the text Test State in the element By.Id: CMP_Capacity_Booking_MaintainReservation_ShipperConsignee_ShipperState
2025-01-07 19:28:20,447 [NonParallelWorker] INFO  iCargoUIAutomation.pages.BasePage - Entered the key in the element By.Id: CMP_Capacity_Booking_MaintainReservation_ShipperConsignee_ShipperCountry
2025-01-07 19:28:20,464 [NonParallelWorker] INFO  iCargoUIAutomation.pages.BasePage - Entered the text US in the element By.Id: CMP_Capacity_Booking_MaintainReservation_ShipperConsignee_ShipperCountry
2025-01-07 19:28:20,704 [NonParallelWorker] INFO  iCargoUIAutomation.pages.BasePage - Entered the key in the element By.Id: CMP_Capacity_Booking_MaintainReservation_ShipperConsignee_ShipperPostalCode
2025-01-07 19:28:20,723 [NonParallelWorker] INFO  iCargoUIAutomation.pages.BasePage - Entered the text 67890 in the element By.Id: CMP_Capacity_Booking_MaintainReservation_ShipperConsignee_ShipperPostalCode
2025-01-07 19:28:21,145 [NonParallelWorker] INFO  iCargoUIAutomation.pages.BasePage - Entered the key in the element By.Id: CMP_Capacity_Booking_MaintainReservation_ShipperConsignee_ShipperEmail
2025-01-07 19:28:21,171 [NonParallelWorker] INFO  iCargoUIAutomation.pages.BasePage - Entered the text TEST@GMAIL.COM.INVALID in the element By.Id: CMP_Capacity_Booking_MaintainReservation_ShipperConsignee_ShipperEmail
2025-01-07 19:28:21,339 [NonParallelWorker] INFO  iCargoUIAutomation.pages.BasePage - Entered the text 11377 in the element By.XPath: //input[@name='consigneeCode']
2025-01-07 19:28:21,346 [NonParallelWorker] INFO  iCargoUIAutomation.pages.MaintainBookingPage - Entered Consignee Code: 11377
2025-01-07 19:28:21,499 [NonParallelWorker] INFO  iCargoUIAutomation.pages.BasePage - Entered the key in the element By.Id: CMP_Capacity_Booking_MaintainReservation_ShipperConsignee_ConsigneeName_NEW
2025-01-07 19:28:21,529 [NonParallelWorker] INFO  iCargoUIAutomation.pages.BasePage - Extracted the attribute value 
2025-01-07 19:28:21,892 [NonParallelWorker] INFO  iCargoUIAutomation.pages.BasePage - Entered the key in the element By.Id: CMP_Capacity_Booking_MaintainReservation_ShipperConsignee_ConsigneeName_NEW
2025-01-07 19:28:22,192 [NonParallelWorker] INFO  iCargoUIAutomation.pages.BasePage - Entered the key in the element By.Id: CMP_Capacity_Booking_MaintainReservation_ShipperConsignee_ConsigneeName_NEW
2025-01-07 19:28:22,208 [NonParallelWorker] INFO  iCargoUIAutomation.pages.BasePage - Entered the text Test Consignee in the element By.Id: CMP_Capacity_Booking_MaintainReservation_ShipperConsignee_ConsigneeName_NEW
2025-01-07 19:28:22,475 [NonParallelWorker] INFO  iCargoUIAutomation.pages.BasePage - Entered the key in the element By.Id: CMP_Capacity_Booking_MaintainReservation_ShipperConsignee_ConsigneeFirstAddress_NEW
2025-01-07 19:28:22,493 [NonParallelWorker] INFO  iCargoUIAutomation.pages.BasePage - Entered the text Test Address1 in the element By.Id: CMP_Capacity_Booking_MaintainReservation_ShipperConsignee_ConsigneeFirstAddress_NEW
2025-01-07 19:28:22,740 [NonParallelWorker] INFO  iCargoUIAutomation.pages.BasePage - Entered the key in the element By.Id: CMP_Capacity_Booking_MaintainReservation_ShipperConsignee_ConsigneeSecondAddress_NEW
2025-01-07 19:28:22,755 [NonParallelWorker] INFO  iCargoUIAutomation.pages.BasePage - Entered the text Test Address2 in the element By.Id: CMP_Capacity_Booking_MaintainReservation_ShipperConsignee_ConsigneeSecondAddress_NEW
2025-01-07 19:28:23,013 [NonParallelWorker] INFO  iCargoUIAutomation.pages.BasePage - Entered the key in the element By.Id: CMP_Capacity_Booking_MaintainReservation_ShipperConsignee_ConsigneeCity_NEW
2025-01-07 19:28:23,028 [NonParallelWorker] INFO  iCargoUIAutomation.pages.BasePage - Entered the text Test City in the element By.Id: CMP_Capacity_Booking_MaintainReservation_ShipperConsignee_ConsigneeCity_NEW
2025-01-07 19:28:23,411 [NonParallelWorker] INFO  iCargoUIAutomation.pages.BasePage - Entered the key in the element By.Id: CMP_Capacity_Booking_MaintainReservation_ShipperConsignee_ConsigneeState
2025-01-07 19:28:23,428 [NonParallelWorker] INFO  iCargoUIAutomation.pages.BasePage - Entered the text Test State in the element By.Id: CMP_Capacity_Booking_MaintainReservation_ShipperConsignee_ConsigneeState
2025-01-07 19:28:23,869 [NonParallelWorker] INFO  iCargoUIAutomation.pages.BasePage - Entered the key in the element By.Id: CMP_Capacity_Booking_Permanent_ShipperConsignee_ConsigneeCountry
2025-01-07 19:28:23,890 [NonParallelWorker] INFO  iCargoUIAutomation.pages.BasePage - Entered the text US in the element By.Id: CMP_Capacity_Booking_Permanent_ShipperConsignee_ConsigneeCountry
2025-01-07 19:28:24,145 [NonParallelWorker] INFO  iCargoUIAutomation.pages.BasePage - Entered the key in the element By.Id: CMP_Capacity_Booking_MaintainReservation_ShipperConsignee_ConsigneePostalCode
2025-01-07 19:28:24,168 [NonParallelWorker] INFO  iCargoUIAutomation.pages.BasePage - Entered the text 67890 in the element By.Id: CMP_Capacity_Booking_MaintainReservation_ShipperConsignee_ConsigneePostalCode
2025-01-07 19:28:24,559 [NonParallelWorker] INFO  iCargoUIAutomation.pages.BasePage - Entered the key in the element By.Id: CMP_Capacity_Booking_MaintainReservation_ShipperConsignee_ConsigneeEmail
2025-01-07 19:28:24,582 [NonParallelWorker] INFO  iCargoUIAutomation.pages.BasePage - Entered the text TEST@GMAIL.COM.INVALID in the element By.Id: CMP_Capacity_Booking_MaintainReservation_ShipperConsignee_ConsigneeEmail
2025-01-07 19:28:44,631 [NonParallelWorker] INFO  iCargoUIAutomation.pages.BasePage - The element By.XPath: //iframe[@name='iCargoContentFrameCAP018'] is invisible
2025-01-07 19:28:44,672 [NonParallelWorker] INFO  iCargoUIAutomation.pages.BasePage - The element By.Id: CMP_Capacity_Booking_MaintainReservation_ShipperConsignee_OK is visible
2025-01-07 19:28:45,554 [NonParallelWorker] INFO  iCargoUIAutomation.pages.BasePage - Clicked on the element By.Id: CMP_Capacity_Booking_MaintainReservation_ShipperConsignee_OK
2025-01-07 19:28:45,560 [NonParallelWorker] INFO  iCargoUIAutomation.pages.MaintainBookingPage - Clicked on Shipper Consignee OK Button
2025-01-07 19:28:45,727 [NonParallelWorker] INFO  iCargoUIAutomation.pages.BasePage - Switched to frame
2025-01-07 19:28:45,735 [NonParallelWorker] INFO  iCargoUIAutomation.pages.MaintainBookingPage - Switched to CAP018 Frame
2025-01-07 19:28:45,775 [NonParallelWorker] INFO  iCargoUIAutomation.pages.BasePage - The element By.XPath: //input[@name='commodityCode'] is visible
2025-01-07 19:28:45,813 [NonParallelWorker] INFO  iCargoUIAutomation.pages.BasePage - The element By.XPath: //input[@name='commodityCode'] is visible
2025-01-07 19:28:46,580 [NonParallelWorker] INFO  iCargoUIAutomation.pages.BasePage - Clicked on the element By.XPath: //input[@name='commodityCode']
2025-01-07 19:28:46,857 [NonParallelWorker] INFO  iCargoUIAutomation.pages.BasePage - Entered the text NONSCR in the element By.XPath: //input[@name='commodityCode']
2025-01-07 19:28:46,866 [NonParallelWorker] INFO  iCargoUIAutomation.pages.MaintainBookingPage - Entered Commodity Code: NONSCR
2025-01-07 19:28:47,140 [NonParallelWorker] INFO  iCargoUIAutomation.pages.BasePage - Entered the text 13 in the element By.XPath: //input[@name='pieces']
2025-01-07 19:28:47,158 [NonParallelWorker] INFO  iCargoUIAutomation.pages.MaintainBookingPage - Entered Pieces: 13
2025-01-07 19:28:47,608 [NonParallelWorker] INFO  iCargoUIAutomation.pages.BasePage - Entered the text 775 in the element By.XPath: //input[@name='weight']
2025-01-07 19:28:47,612 [NonParallelWorker] INFO  iCargoUIAutomation.pages.MaintainBookingPage - Entered Weight: 775
2025-01-07 19:28:48,065 [NonParallelWorker] INFO  iCargoUIAutomation.pages.BasePage - Clicked on the element By.Id: btSelectFlight
2025-01-07 19:28:48,070 [NonParallelWorker] INFO  iCargoUIAutomation.pages.MaintainBookingPage - Clicked Select Flight Button
2025-01-07 19:29:08,129 [NonParallelWorker] INFO  iCargoUIAutomation.pages.BasePage - The element By.XPath: //iframe[@name='iCargoContentFrameCAP018'] is invisible
2025-01-07 19:29:08,190 [NonParallelWorker] INFO  iCargoUIAutomation.pages.BasePage - Switched to frame
2025-01-07 19:29:08,195 [NonParallelWorker] INFO  iCargoUIAutomation.pages.MaintainBookingPage - Switched to Booking Irregularity Frame
2025-01-07 19:29:09,020 [NonParallelWorker] INFO  iCargoUIAutomation.pages.BasePage - The elements found are: System.Collections.Generic.List`1[OpenQA.Selenium.IWebElement]
2025-01-07 19:29:09,027 [NonParallelWorker] INFO  iCargoUIAutomation.pages.MaintainBookingPage - No of Flights: 45
2025-01-07 19:29:09,076 [NonParallelWorker] INFO  iCargoUIAutomation.pages.BasePage - The elements found are: System.Collections.Generic.List`1[OpenQA.Selenium.IWebElement]
2025-01-07 19:29:09,081 [NonParallelWorker] INFO  iCargoUIAutomation.pages.MaintainBookingPage - Rate Status Button Count: 60
2025-01-07 19:29:09,263 [NonParallelWorker] INFO  iCargoUIAutomation.pages.BasePage - The elements found are: System.Collections.Generic.List`1[OpenQA.Selenium.IWebElement]
2025-01-07 19:29:09,270 [NonParallelWorker] INFO  iCargoUIAutomation.pages.MaintainBookingPage - CAP Status Button Count: 60
2025-01-07 19:29:09,318 [NonParallelWorker] INFO  iCargoUIAutomation.pages.BasePage - The elements found are: System.Collections.Generic.List`1[OpenQA.Selenium.IWebElement]
2025-01-07 19:29:09,331 [NonParallelWorker] INFO  iCargoUIAutomation.pages.MaintainBookingPage - REST Status Button Count: 60
2025-01-07 19:29:09,374 [NonParallelWorker] INFO  iCargoUIAutomation.pages.BasePage - The elements found are: System.Collections.Generic.List`1[OpenQA.Selenium.IWebElement]
2025-01-07 19:29:09,382 [NonParallelWorker] INFO  iCargoUIAutomation.pages.MaintainBookingPage - EMB Status Button Count: 60
2025-01-07 19:29:09,436 [NonParallelWorker] INFO  iCargoUIAutomation.pages.BasePage - The elements found are: System.Collections.Generic.List`1[OpenQA.Selenium.IWebElement]
2025-01-07 19:29:09,444 [NonParallelWorker] INFO  iCargoUIAutomation.pages.MaintainBookingPage - Product Codes Count: 60
2025-01-07 19:29:09,488 [NonParallelWorker] INFO  iCargoUIAutomation.pages.BasePage - The elements found are: System.Collections.Generic.List`1[OpenQA.Selenium.IWebElement]
2025-01-07 19:29:09,499 [NonParallelWorker] INFO  iCargoUIAutomation.pages.MaintainBookingPage - Flight Dates Count: 15
2025-01-07 19:29:09,544 [NonParallelWorker] INFO  iCargoUIAutomation.pages.BasePage - The elements found are: System.Collections.Generic.List`1[OpenQA.Selenium.IWebElement]
2025-01-07 19:29:09,550 [NonParallelWorker] INFO  iCargoUIAutomation.pages.MaintainBookingPage - General Product Button Count: 15
2025-01-07 19:29:09,587 [NonParallelWorker] INFO  iCargoUIAutomation.pages.BasePage - The elements found are: System.Collections.Generic.List`1[OpenQA.Selenium.IWebElement]
2025-01-07 19:29:09,600 [NonParallelWorker] INFO  iCargoUIAutomation.pages.MaintainBookingPage - Priority Product Button Count: 15
2025-01-07 19:29:09,681 [NonParallelWorker] INFO  iCargoUIAutomation.pages.BasePage - The elements found are: System.Collections.Generic.List`1[OpenQA.Selenium.IWebElement]
2025-01-07 19:29:09,690 [NonParallelWorker] INFO  iCargoUIAutomation.pages.MaintainBookingPage - Employee Shipment Product Button Count: 15
2025-01-07 19:29:09,725 [NonParallelWorker] INFO  iCargoUIAutomation.pages.BasePage - The elements found are: System.Collections.Generic.List`1[OpenQA.Selenium.IWebElement]
2025-01-07 19:29:09,729 [NonParallelWorker] INFO  iCargoUIAutomation.pages.MaintainBookingPage - Goldstreak Product Button Count: 15
2025-01-07 19:29:29,760 [NonParallelWorker] INFO  iCargoUIAutomation.pages.BasePage - The elements found are: System.Collections.Generic.List`1[OpenQA.Selenium.IWebElement]
2025-01-07 19:29:29,765 [NonParallelWorker] INFO  iCargoUIAutomation.pages.MaintainBookingPage - Pet Connect Product Button Count: 0
2025-01-07 19:29:29,789 [NonParallelWorker] INFO  iCargoUIAutomation.pages.BasePage - Extracted the text GENERAL
2025-01-07 19:29:29,807 [NonParallelWorker] INFO  iCargoUIAutomation.pages.BasePage - Extracted the attribute value badge-orange
2025-01-07 19:29:29,826 [NonParallelWorker] INFO  iCargoUIAutomation.pages.BasePage - Extracted the attribute value badge-default
2025-01-07 19:29:29,839 [NonParallelWorker] INFO  iCargoUIAutomation.pages.BasePage - Extracted the attribute value badge-default
2025-01-07 19:29:29,854 [NonParallelWorker] INFO  iCargoUIAutomation.pages.BasePage - Extracted the attribute value 
2025-01-07 19:29:29,873 [NonParallelWorker] INFO  iCargoUIAutomation.pages.BasePage - Extracted the text 07-Jan
2025-01-07 19:29:29,911 [NonParallelWorker] INFO  iCargoUIAutomation.pages.BasePage - The element By.XPath: //strong[text()='GENERAL']/parent::div/parent::div/parent::div is visible
2025-01-07 19:29:30,467 [NonParallelWorker] INFO  iCargoUIAutomation.pages.BasePage - Clicked on the element Element (id = f.6E63E3B35DD5DD27CE16BBC0750E581F.d.F8EDD447FD9342D492995C3EA51B8547.e.1811)
2025-01-07 19:29:30,471 [NonParallelWorker] INFO  iCargoUIAutomation.pages.MaintainBookingPage - Selected General Product
2025-01-07 19:29:30,519 [NonParallelWorker] INFO  iCargoUIAutomation.pages.BasePage - The element By.XPath: //button[@accesskey='K'] is visible
2025-01-07 19:29:30,579 [NonParallelWorker] INFO  iCargoUIAutomation.pages.MaintainBookingPage - Clicked Flight Details OK Button
2025-01-07 19:29:30,660 [NonParallelWorker] INFO  iCargoUIAutomation.pages.BasePage - Switched to frame
2025-01-07 19:29:30,664 [NonParallelWorker] INFO  iCargoUIAutomation.pages.MaintainBookingPage - Switched to CAP018 Frame
2025-01-07 19:29:30,678 [NonParallelWorker] INFO  iCargoUIAutomation.pages.BasePage - The number of windows opened are: 2
2025-01-07 19:29:50,726 [NonParallelWorker] INFO  iCargoUIAutomation.pages.BasePage - The element By.XPath: //*[@class='ui-dialog-buttonpane ui-widget-content ui-helper-clearfix']//*[text()=' Yes '] is invisible
2025-01-07 19:29:50,769 [NonParallelWorker] INFO  iCargoUIAutomation.pages.BasePage - The element By.XPath: //button[@id='btSave'] is visible
2025-01-07 19:30:00,773 [NonParallelWorker] INFO  iCargoUIAutomation.pages.BasePage - Clicked on the element By.XPath: //button[@id='btSave']
2025-01-07 19:30:00,789 [NonParallelWorker] INFO  iCargoUIAutomation.pages.MaintainBookingPage - Clicked Save Button
2025-01-07 19:30:20,875 [NonParallelWorker] INFO  iCargoUIAutomation.pages.BasePage - The element By.XPath: //*[@class='ui-dialog-buttonpane ui-widget-content ui-helper-clearfix']//*[text()=' Yes '] is invisible
2025-01-07 19:30:20,886 [NonParallelWorker] ERROR iCargoUIAutomation.pages.MaintainBookingPage - Error in Clicking Yes on Embargo Warnings: Index was out of range. Must be non-negative and less than the size of the collection. (Parameter 'index')
2025-01-07 19:30:20,894 [NonParallelWorker] INFO  iCargoUIAutomation.pages.BasePage - Switched to default content
2025-01-07 19:30:20,933 [NonParallelWorker] INFO  iCargoUIAutomation.pages.BasePage - The element By.CssSelector: .alert-messages-ui is visible
2025-01-07 19:30:20,973 [NonParallelWorker] INFO  iCargoUIAutomation.pages.BasePage - The element By.XPath: //*[@class='ui-dialog-buttonpane ui-widget-content ui-helper-clearfix']//*[text()=' Yes '] is visible
2025-01-07 19:30:21,004 [NonParallelWorker] INFO  iCargoUIAutomation.pages.BasePage - The element By.XPath: //*[@class='ui-dialog-buttonpane ui-widget-content ui-helper-clearfix']//*[text()=' Yes '] is visible
2025-01-07 19:30:21,326 [NonParallelWorker] INFO  iCargoUIAutomation.pages.BasePage - Clicked on the element By.XPath: //*[@class='ui-dialog-buttonpane ui-widget-content ui-helper-clearfix']//*[text()=' Yes ']
2025-01-07 19:30:41,398 [NonParallelWorker] INFO  iCargoUIAutomation.pages.BasePage - The element By.XPath: //*[@class='ui-dialog-buttonpane ui-widget-content ui-helper-clearfix']//*[text()=' Yes '] is invisible
2025-01-07 19:31:02,054 [NonParallelWorker] INFO  iCargoUIAutomation.pages.BasePage - Switched to the last window
2025-01-07 19:31:02,060 [NonParallelWorker] INFO  iCargoUIAutomation.pages.MaintainBookingPage - Clicked Yes on Popup Warnings
2025-01-07 19:31:02,069 [NonParallelWorker] INFO  iCargoUIAutomation.pages.BasePage - The number of windows opened are: 3
2025-01-07 19:31:02,089 [NonParallelWorker] INFO  iCargoUIAutomation.pages.BasePage - Switched to the last window
2025-01-07 19:31:22,134 [NonParallelWorker] INFO  iCargoUIAutomation.pages.BasePage - The element By.XPath: //*[@class='ui-dialog-buttonpane ui-widget-content ui-helper-clearfix']//*[text()=' Yes '] is invisible
2025-01-07 19:31:22,173 [NonParallelWorker] INFO  iCargoUIAutomation.pages.BasePage - The element By.XPath: //label[contains(text(), 'AWB : ')]/b is visible
2025-01-07 19:31:22,212 [NonParallelWorker] INFO  iCargoUIAutomation.pages.BasePage - Extracted the text 027-33528681
2025-01-07 19:31:22,217 [NonParallelWorker] INFO  iCargoUIAutomation.pages.MaintainBookingPage - AWB Number: 027-33528681
2025-01-07 19:31:22,372 [NonParallelWorker] INFO  iCargoUIAutomation.pages.BasePage - The element By.XPath: //button[@id='CMP_Capacity_Booking_BookingSummary_Ok_Button'] is clickable
2025-01-07 19:31:22,607 [NonParallelWorker] INFO  iCargoUIAutomation.pages.BasePage - Clicked on the element By.XPath: //button[@id='CMP_Capacity_Booking_BookingSummary_Ok_Button']
2025-01-07 19:31:22,611 [NonParallelWorker] INFO  iCargoUIAutomation.pages.MaintainBookingPage - Clicked OK Button on Booking Summary Popup
2025-01-07 19:31:22,828 [NonParallelWorker] INFO  iCargoUIAutomation.pages.BasePage - Switched to the last window
2025-01-07 19:31:22,834 [NonParallelWorker] INFO  iCargoUIAutomation.pages.MaintainBookingPage - Switched to Last Window
2025-01-07 19:31:24,717 [NonParallelWorker] INFO  iCargoUIAutomation.pages.BasePage - Switched to frame
2025-01-07 19:31:24,721 [NonParallelWorker] INFO  iCargoUIAutomation.pages.MaintainBookingPage - Switched to CAP018 Frame
2025-01-07 19:31:24,727 [NonParallelWorker] INFO  iCargoUIAutomation.pages.MaintainBookingPage - Switched to CAP018 Frame
2025-01-07 19:31:44,740 [NonParallelWorker] INFO  iCargoUIAutomation.pages.BasePage - The element By.XPath: //button[@id='CMP_Capacity_Booking_BookingSummary_Ok_Button'] is invisible
2025-01-07 19:31:44,778 [NonParallelWorker] INFO  iCargoUIAutomation.pages.BasePage - The element By.Id: btClear is visible
2025-01-07 19:31:46,246 [NonParallelWorker] INFO  iCargoUIAutomation.pages.BasePage - Clicked on the element By.Id: btClear
2025-01-07 19:31:46,250 [NonParallelWorker] INFO  iCargoUIAutomation.pages.MaintainBookingPage - Clicked Clear Maintain Booking Button
2025-01-07 19:32:07,785 [NonParallelWorker] INFO  iCargoUIAutomation.Features.ICargoLoginFeature - Step: Switching station if BaseStation other than Origin 
2025-01-07 19:32:27,812 [NonParallelWorker] ERROR iCargoUIAutomation.pages.homePage - Error in SwitchStation method: no such element: Unable to locate element: {"method":"xpath","selector":"//*[@id='header_panel']//*[@id='ic-user-stationcode']"}
  (Session info: chrome=131.0.6778.205); For documentation on this error, please visit: https://www.selenium.dev/documentation/webdriver/troubleshooting/errors#no-such-element-exception
2025-01-07 19:32:27,827 [NonParallelWorker] INFO  iCargoUIAutomation.pages.BasePage - Switched to default content
2025-01-07 19:32:28,103 [NonParallelWorker] INFO  iCargoUIAutomation.pages.BasePage - Entered the text CAP018 in the element By.CssSelector: .ic-screen-search
2025-01-07 19:32:28,359 [NonParallelWorker] INFO  iCargoUIAutomation.pages.BasePage - The element By.CssSelector: .ic-screen-search is clickable
2025-01-07 19:32:28,453 [NonParallelWorker] INFO  iCargoUIAutomation.pages.BasePage - Entered the key in the element By.CssSelector: .ic-screen-search
2025-01-07 19:32:28,591 [NonParallelWorker] INFO  iCargoUIAutomation.pages.BasePage - The element By.CssSelector: li[tabindex='0'] is visible
2025-01-07 19:32:28,598 [NonParallelWorker] INFO  iCargoUIAutomation.pages.homePage - Entered Screen Name: CAP018
2025-01-07 19:32:28,710 [NonParallelWorker] INFO  iCargoUIAutomation.pages.BasePage - Switched to frame
2025-01-07 19:32:28,718 [NonParallelWorker] INFO  iCargoUIAutomation.pages.MaintainBookingPage - Switched to CAP018 Frame
2025-01-07 19:32:28,726 [NonParallelWorker] INFO  iCargoUIAutomation.Features.ICargoLoginFeature - Step: Verifying the page title
2025-01-07 19:32:28,776 [NonParallelWorker] INFO  iCargoUIAutomation.Features.ICargoLoginFeature - Actual Page Title: Maintain Booking
2025-01-07 19:32:48,859 [NonParallelWorker] INFO  iCargoUIAutomation.pages.BasePage - The element By.CssSelector: .ic-home-tab is invisible
2025-01-07 19:32:48,982 [NonParallelWorker] INFO  iCargoUIAutomation.pages.BasePage - The element By.XPath: //button[@id='btDisplay'] is visible
2025-01-07 19:32:49,224 [NonParallelWorker] INFO  iCargoUIAutomation.pages.BasePage - Clicked on the element By.XPath: //button[@id='btDisplay']
2025-01-07 19:32:49,232 [NonParallelWorker] INFO  iCargoUIAutomation.pages.MaintainBookingPage - Clicked New List Button
2025-01-07 19:33:09,297 [NonParallelWorker] INFO  iCargoUIAutomation.pages.BasePage - The element By.CssSelector: .ic-home-tab is invisible
2025-01-07 19:33:09,707 [NonParallelWorker] INFO  iCargoUIAutomation.pages.BasePage - Entered the key in the element By.Id: origin
2025-01-07 19:33:09,744 [NonParallelWorker] INFO  iCargoUIAutomation.pages.BasePage - Entered the text SEA in the element By.Id: origin
2025-01-07 19:33:09,753 [NonParallelWorker] INFO  iCargoUIAutomation.pages.MaintainBookingPage - Entered Origin: SEA
2025-01-07 19:33:09,907 [NonParallelWorker] INFO  iCargoUIAutomation.pages.BasePage - Entered the text LAX in the element By.XPath: //input[@name='destination']
2025-01-07 19:33:09,914 [NonParallelWorker] INFO  iCargoUIAutomation.pages.MaintainBookingPage - Entered Destination: LAX
2025-01-07 19:33:09,967 [NonParallelWorker] INFO  iCargoUIAutomation.pages.BasePage - The element By.Id: agentCode is visible
2025-01-07 19:33:10,334 [NonParallelWorker] INFO  iCargoUIAutomation.pages.BasePage - Clicked on the element By.Id: agentCode
2025-01-07 19:33:10,987 [NonParallelWorker] INFO  iCargoUIAutomation.pages.BasePage - Entered the key in the element By.Id: agentCode
2025-01-07 19:33:11,017 [NonParallelWorker] INFO  iCargoUIAutomation.pages.BasePage - Entered the text 11377 in the element By.Id: agentCode
2025-01-07 19:33:11,023 [NonParallelWorker] INFO  iCargoUIAutomation.pages.MaintainBookingPage - Entered Agent Code: 11377
2025-01-07 19:33:11,475 [NonParallelWorker] INFO  iCargoUIAutomation.pages.BasePage - Entered the text 07-Jan-2025 in the element By.Id: shippingDate
2025-01-07 19:33:11,483 [NonParallelWorker] INFO  iCargoUIAutomation.pages.MaintainBookingPage - Entered Shipping Date: 07-Jan-2025
2025-01-07 19:33:11,757 [NonParallelWorker] INFO  iCargoUIAutomation.pages.BasePage - Entered the text PRIORITY in the element By.XPath: //input[@name='productName']
2025-01-07 19:33:11,766 [NonParallelWorker] INFO  iCargoUIAutomation.pages.MaintainBookingPage - Entered Product Code: PRIORITY
2025-01-07 19:33:11,871 [NonParallelWorker] INFO  iCargoUIAutomation.pages.BasePage - The element By.Id: CMP_Capacity_Booking_MaintainReservation_ShipperDetails_Button is clickable
2025-01-07 19:33:12,385 [NonParallelWorker] INFO  iCargoUIAutomation.pages.BasePage - Clicked on the element By.Id: CMP_Capacity_Booking_MaintainReservation_ShipperDetails_Button
2025-01-07 19:33:12,403 [NonParallelWorker] INFO  iCargoUIAutomation.pages.MaintainBookingPage - Clicked on Shipper Consignee Button
2025-01-07 19:33:12,463 [NonParallelWorker] INFO  iCargoUIAutomation.pages.BasePage - The number of windows opened are: 3
2025-01-07 19:33:32,955 [NonParallelWorker] INFO  iCargoUIAutomation.pages.BasePage - The element By.XPath: //iframe[@name='iCargoContentFrameCAP018'] is invisible
2025-01-07 19:33:33,132 [NonParallelWorker] INFO  iCargoUIAutomation.pages.BasePage - Entered the text 11377 in the element By.XPath: //input[@name='shipperCode']
2025-01-07 19:33:33,140 [NonParallelWorker] INFO  iCargoUIAutomation.pages.MaintainBookingPage - Entered Shipper Code: 11377
2025-01-07 19:33:33,197 [NonParallelWorker] INFO  iCargoUIAutomation.pages.BasePage - The element By.Id: CMP_Capacity_Booking_MaintainReservation_ShipperConsignee_ShipperName_NEW is visible
2025-01-07 19:33:33,344 [NonParallelWorker] INFO  iCargoUIAutomation.pages.BasePage - Clicked on the element By.Id: CMP_Capacity_Booking_MaintainReservation_ShipperConsignee_ShipperName_NEW
2025-01-07 19:33:33,402 [NonParallelWorker] INFO  iCargoUIAutomation.pages.BasePage - Entered the key in the element By.Id: CMP_Capacity_Booking_MaintainReservation_ShipperConsignee_ShipperName_NEW
2025-01-07 19:33:33,430 [NonParallelWorker] INFO  iCargoUIAutomation.pages.BasePage - Extracted the attribute value 
2025-01-07 19:33:33,839 [NonParallelWorker] INFO  iCargoUIAutomation.pages.BasePage - Entered the key in the element By.Id: CMP_Capacity_Booking_MaintainReservation_ShipperConsignee_ShipperName_NEW
2025-01-07 19:33:34,087 [NonParallelWorker] INFO  iCargoUIAutomation.pages.BasePage - Entered the key in the element By.Id: CMP_Capacity_Booking_MaintainReservation_ShipperConsignee_ShipperName_NEW
2025-01-07 19:33:34,103 [NonParallelWorker] INFO  iCargoUIAutomation.pages.BasePage - Entered the text Test Shipper in the element By.Id: CMP_Capacity_Booking_MaintainReservation_ShipperConsignee_ShipperName_NEW
2025-01-07 19:33:34,348 [NonParallelWorker] INFO  iCargoUIAutomation.pages.BasePage - Entered the key in the element By.Id: CMP_Capacity_Booking_MaintainReservation_ShipperConsignee_ShipperFirstAddress_NEW
2025-01-07 19:33:34,365 [NonParallelWorker] INFO  iCargoUIAutomation.pages.BasePage - Entered the text Test Address1 in the element By.Id: CMP_Capacity_Booking_MaintainReservation_ShipperConsignee_ShipperFirstAddress_NEW
2025-01-07 19:33:34,573 [NonParallelWorker] INFO  iCargoUIAutomation.pages.BasePage - Entered the key in the element By.Id: CMP_Capacity_Booking_MaintainReservation_ShipperConsignee_ShipperSecondAddress_NEW
2025-01-07 19:33:34,594 [NonParallelWorker] INFO  iCargoUIAutomation.pages.BasePage - Entered the text Test Address2 in the element By.Id: CMP_Capacity_Booking_MaintainReservation_ShipperConsignee_ShipperSecondAddress_NEW
2025-01-07 19:33:34,855 [NonParallelWorker] INFO  iCargoUIAutomation.pages.BasePage - Entered the key in the element By.Id: CMP_Capacity_Booking_MaintainReservation_ShipperConsignee_ShipperCity_NEW
2025-01-07 19:33:34,876 [NonParallelWorker] INFO  iCargoUIAutomation.pages.BasePage - Entered the text Test City in the element By.Id: CMP_Capacity_Booking_MaintainReservation_ShipperConsignee_ShipperCity_NEW
2025-01-07 19:33:35,152 [NonParallelWorker] INFO  iCargoUIAutomation.pages.BasePage - Entered the key in the element By.Id: CMP_Capacity_Booking_MaintainReservation_ShipperConsignee_ShipperState
2025-01-07 19:33:35,176 [NonParallelWorker] INFO  iCargoUIAutomation.pages.BasePage - Entered the text Test State in the element By.Id: CMP_Capacity_Booking_MaintainReservation_ShipperConsignee_ShipperState
2025-01-07 19:33:35,376 [NonParallelWorker] INFO  iCargoUIAutomation.pages.BasePage - Entered the key in the element By.Id: CMP_Capacity_Booking_MaintainReservation_ShipperConsignee_ShipperCountry
2025-01-07 19:33:35,397 [NonParallelWorker] INFO  iCargoUIAutomation.pages.BasePage - Entered the text US in the element By.Id: CMP_Capacity_Booking_MaintainReservation_ShipperConsignee_ShipperCountry
2025-01-07 19:33:35,648 [NonParallelWorker] INFO  iCargoUIAutomation.pages.BasePage - Entered the key in the element By.Id: CMP_Capacity_Booking_MaintainReservation_ShipperConsignee_ShipperPostalCode
2025-01-07 19:33:35,670 [NonParallelWorker] INFO  iCargoUIAutomation.pages.BasePage - Entered the text 67890 in the element By.Id: CMP_Capacity_Booking_MaintainReservation_ShipperConsignee_ShipperPostalCode
2025-01-07 19:33:36,117 [NonParallelWorker] INFO  iCargoUIAutomation.pages.BasePage - Entered the key in the element By.Id: CMP_Capacity_Booking_MaintainReservation_ShipperConsignee_ShipperEmail
2025-01-07 19:33:36,140 [NonParallelWorker] INFO  iCargoUIAutomation.pages.BasePage - Entered the text TEST@GMAIL.COM.INVALID in the element By.Id: CMP_Capacity_Booking_MaintainReservation_ShipperConsignee_ShipperEmail
2025-01-07 19:33:36,346 [NonParallelWorker] INFO  iCargoUIAutomation.pages.BasePage - Entered the text 11377 in the element By.XPath: //input[@name='consigneeCode']
2025-01-07 19:33:36,354 [NonParallelWorker] INFO  iCargoUIAutomation.pages.MaintainBookingPage - Entered Consignee Code: 11377
2025-01-07 19:33:36,509 [NonParallelWorker] INFO  iCargoUIAutomation.pages.BasePage - Entered the key in the element By.Id: CMP_Capacity_Booking_MaintainReservation_ShipperConsignee_ConsigneeName_NEW
2025-01-07 19:33:36,539 [NonParallelWorker] INFO  iCargoUIAutomation.pages.BasePage - Extracted the attribute value 
2025-01-07 19:33:36,895 [NonParallelWorker] INFO  iCargoUIAutomation.pages.BasePage - Entered the key in the element By.Id: CMP_Capacity_Booking_MaintainReservation_ShipperConsignee_ConsigneeName_NEW
2025-01-07 19:33:36,914 [NonParallelWorker] INFO  iCargoUIAutomation.pages.BasePage - Entered the text Test Consignee in the element By.Id: CMP_Capacity_Booking_MaintainReservation_ShipperConsignee_ConsigneeName_NEW
2025-01-07 19:33:37,180 [NonParallelWorker] INFO  iCargoUIAutomation.pages.BasePage - Entered the key in the element By.Id: CMP_Capacity_Booking_MaintainReservation_ShipperConsignee_ConsigneeFirstAddress_NEW
2025-01-07 19:33:37,198 [NonParallelWorker] INFO  iCargoUIAutomation.pages.BasePage - Entered the text Test Address1 in the element By.Id: CMP_Capacity_Booking_MaintainReservation_ShipperConsignee_ConsigneeFirstAddress_NEW
2025-01-07 19:33:37,537 [NonParallelWorker] INFO  iCargoUIAutomation.pages.BasePage - Entered the key in the element By.Id: CMP_Capacity_Booking_MaintainReservation_ShipperConsignee_ConsigneeSecondAddress_NEW
2025-01-07 19:33:37,559 [NonParallelWorker] INFO  iCargoUIAutomation.pages.BasePage - Entered the text Test Address2 in the element By.Id: CMP_Capacity_Booking_MaintainReservation_ShipperConsignee_ConsigneeSecondAddress_NEW
2025-01-07 19:33:37,796 [NonParallelWorker] INFO  iCargoUIAutomation.pages.BasePage - Entered the key in the element By.Id: CMP_Capacity_Booking_MaintainReservation_ShipperConsignee_ConsigneeCity_NEW
2025-01-07 19:33:37,814 [NonParallelWorker] INFO  iCargoUIAutomation.pages.BasePage - Entered the text Test City in the element By.Id: CMP_Capacity_Booking_MaintainReservation_ShipperConsignee_ConsigneeCity_NEW
2025-01-07 19:33:38,187 [NonParallelWorker] INFO  iCargoUIAutomation.pages.BasePage - Entered the key in the element By.Id: CMP_Capacity_Booking_MaintainReservation_ShipperConsignee_ConsigneeState
2025-01-07 19:33:38,205 [NonParallelWorker] INFO  iCargoUIAutomation.pages.BasePage - Entered the text Test State in the element By.Id: CMP_Capacity_Booking_MaintainReservation_ShipperConsignee_ConsigneeState
2025-01-07 19:33:38,544 [NonParallelWorker] INFO  iCargoUIAutomation.pages.BasePage - Entered the key in the element By.Id: CMP_Capacity_Booking_Permanent_ShipperConsignee_ConsigneeCountry
2025-01-07 19:33:38,563 [NonParallelWorker] INFO  iCargoUIAutomation.pages.BasePage - Entered the text US in the element By.Id: CMP_Capacity_Booking_Permanent_ShipperConsignee_ConsigneeCountry
2025-01-07 19:33:38,938 [NonParallelWorker] INFO  iCargoUIAutomation.pages.BasePage - Entered the key in the element By.Id: CMP_Capacity_Booking_MaintainReservation_ShipperConsignee_ConsigneePostalCode
2025-01-07 19:33:38,982 [NonParallelWorker] INFO  iCargoUIAutomation.pages.BasePage - Entered the text 67890 in the element By.Id: CMP_Capacity_Booking_MaintainReservation_ShipperConsignee_ConsigneePostalCode
2025-01-07 19:33:39,505 [NonParallelWorker] INFO  iCargoUIAutomation.pages.BasePage - Entered the key in the element By.Id: CMP_Capacity_Booking_MaintainReservation_ShipperConsignee_ConsigneeEmail
2025-01-07 19:33:39,527 [NonParallelWorker] INFO  iCargoUIAutomation.pages.BasePage - Entered the text TEST@GMAIL.COM.INVALID in the element By.Id: CMP_Capacity_Booking_MaintainReservation_ShipperConsignee_ConsigneeEmail
2025-01-07 19:33:59,566 [NonParallelWorker] INFO  iCargoUIAutomation.pages.BasePage - The element By.XPath: //iframe[@name='iCargoContentFrameCAP018'] is invisible
2025-01-07 19:33:59,607 [NonParallelWorker] INFO  iCargoUIAutomation.pages.BasePage - The element By.Id: CMP_Capacity_Booking_MaintainReservation_ShipperConsignee_OK is visible
2025-01-07 19:34:00,614 [NonParallelWorker] INFO  iCargoUIAutomation.pages.BasePage - Clicked on the element By.Id: CMP_Capacity_Booking_MaintainReservation_ShipperConsignee_OK
2025-01-07 19:34:00,628 [NonParallelWorker] INFO  iCargoUIAutomation.pages.MaintainBookingPage - Clicked on Shipper Consignee OK Button
2025-01-07 19:34:00,850 [NonParallelWorker] INFO  iCargoUIAutomation.pages.BasePage - Switched to frame
2025-01-07 19:34:00,863 [NonParallelWorker] INFO  iCargoUIAutomation.pages.MaintainBookingPage - Switched to CAP018 Frame
2025-01-07 19:34:00,934 [NonParallelWorker] INFO  iCargoUIAutomation.pages.BasePage - The element By.XPath: //input[@name='commodityCode'] is visible
2025-01-07 19:34:01,817 [NonParallelWorker] INFO  iCargoUIAutomation.pages.BasePage - The element By.XPath: //input[@name='commodityCode'] is visible
2025-01-07 19:34:02,626 [NonParallelWorker] INFO  iCargoUIAutomation.pages.BasePage - Clicked on the element By.XPath: //input[@name='commodityCode']
2025-01-07 19:34:03,016 [NonParallelWorker] INFO  iCargoUIAutomation.pages.BasePage - Entered the text 2199 in the element By.XPath: //input[@name='commodityCode']
2025-01-07 19:34:03,036 [NonParallelWorker] INFO  iCargoUIAutomation.pages.MaintainBookingPage - Entered Commodity Code: 2199
2025-01-07 19:34:03,719 [NonParallelWorker] INFO  iCargoUIAutomation.pages.BasePage - Entered the text 10 in the element By.XPath: //input[@name='pieces']
2025-01-07 19:34:03,727 [NonParallelWorker] INFO  iCargoUIAutomation.pages.MaintainBookingPage - Entered Pieces: 10
2025-01-07 19:34:04,291 [NonParallelWorker] INFO  iCargoUIAutomation.pages.BasePage - Entered the text 360 in the element By.XPath: //input[@name='weight']
2025-01-07 19:34:04,301 [NonParallelWorker] INFO  iCargoUIAutomation.pages.MaintainBookingPage - Entered Weight: 360
2025-01-07 19:34:04,981 [NonParallelWorker] INFO  iCargoUIAutomation.pages.BasePage - Clicked on the element By.Id: btSelectFlight
2025-01-07 19:34:04,992 [NonParallelWorker] INFO  iCargoUIAutomation.pages.MaintainBookingPage - Clicked Select Flight Button
2025-01-07 19:34:25,039 [NonParallelWorker] INFO  iCargoUIAutomation.pages.BasePage - The element By.XPath: //iframe[@name='iCargoContentFrameCAP018'] is invisible
2025-01-07 19:34:25,098 [NonParallelWorker] INFO  iCargoUIAutomation.pages.BasePage - Switched to frame
2025-01-07 19:34:25,108 [NonParallelWorker] INFO  iCargoUIAutomation.pages.MaintainBookingPage - Switched to Booking Irregularity Frame
2025-01-07 19:34:25,145 [NonParallelWorker] INFO  iCargoUIAutomation.pages.BasePage - The elements found are: System.Collections.Generic.List`1[OpenQA.Selenium.IWebElement]
2025-01-07 19:34:25,156 [NonParallelWorker] INFO  iCargoUIAutomation.pages.MaintainBookingPage - No of Flights: 45
2025-01-07 19:34:25,192 [NonParallelWorker] INFO  iCargoUIAutomation.pages.BasePage - The elements found are: System.Collections.Generic.List`1[OpenQA.Selenium.IWebElement]
2025-01-07 19:34:25,200 [NonParallelWorker] INFO  iCargoUIAutomation.pages.MaintainBookingPage - Rate Status Button Count: 60
2025-01-07 19:34:25,236 [NonParallelWorker] INFO  iCargoUIAutomation.pages.BasePage - The elements found are: System.Collections.Generic.List`1[OpenQA.Selenium.IWebElement]
2025-01-07 19:34:25,244 [NonParallelWorker] INFO  iCargoUIAutomation.pages.MaintainBookingPage - CAP Status Button Count: 60
2025-01-07 19:34:25,285 [NonParallelWorker] INFO  iCargoUIAutomation.pages.BasePage - The elements found are: System.Collections.Generic.List`1[OpenQA.Selenium.IWebElement]
2025-01-07 19:34:25,293 [NonParallelWorker] INFO  iCargoUIAutomation.pages.MaintainBookingPage - REST Status Button Count: 60
2025-01-07 19:34:25,325 [NonParallelWorker] INFO  iCargoUIAutomation.pages.BasePage - The elements found are: System.Collections.Generic.List`1[OpenQA.Selenium.IWebElement]
2025-01-07 19:34:25,338 [NonParallelWorker] INFO  iCargoUIAutomation.pages.MaintainBookingPage - EMB Status Button Count: 60
2025-01-07 19:34:25,374 [NonParallelWorker] INFO  iCargoUIAutomation.pages.BasePage - The elements found are: System.Collections.Generic.List`1[OpenQA.Selenium.IWebElement]
2025-01-07 19:34:25,382 [NonParallelWorker] INFO  iCargoUIAutomation.pages.MaintainBookingPage - Product Codes Count: 60
2025-01-07 19:34:25,412 [NonParallelWorker] INFO  iCargoUIAutomation.pages.BasePage - The elements found are: System.Collections.Generic.List`1[OpenQA.Selenium.IWebElement]
2025-01-07 19:34:25,420 [NonParallelWorker] INFO  iCargoUIAutomation.pages.MaintainBookingPage - Flight Dates Count: 15
2025-01-07 19:34:25,451 [NonParallelWorker] INFO  iCargoUIAutomation.pages.BasePage - The elements found are: System.Collections.Generic.List`1[OpenQA.Selenium.IWebElement]
2025-01-07 19:34:25,461 [NonParallelWorker] INFO  iCargoUIAutomation.pages.MaintainBookingPage - General Product Button Count: 15
2025-01-07 19:34:25,489 [NonParallelWorker] INFO  iCargoUIAutomation.pages.BasePage - The elements found are: System.Collections.Generic.List`1[OpenQA.Selenium.IWebElement]
2025-01-07 19:34:25,497 [NonParallelWorker] INFO  iCargoUIAutomation.pages.MaintainBookingPage - Priority Product Button Count: 15
2025-01-07 19:34:25,522 [NonParallelWorker] INFO  iCargoUIAutomation.pages.BasePage - The elements found are: System.Collections.Generic.List`1[OpenQA.Selenium.IWebElement]
2025-01-07 19:34:25,529 [NonParallelWorker] INFO  iCargoUIAutomation.pages.MaintainBookingPage - Employee Shipment Product Button Count: 15
2025-01-07 19:34:25,557 [NonParallelWorker] INFO  iCargoUIAutomation.pages.BasePage - The elements found are: System.Collections.Generic.List`1[OpenQA.Selenium.IWebElement]
2025-01-07 19:34:25,566 [NonParallelWorker] INFO  iCargoUIAutomation.pages.MaintainBookingPage - Goldstreak Product Button Count: 15
2025-01-07 19:34:45,638 [NonParallelWorker] INFO  iCargoUIAutomation.pages.BasePage - The elements found are: System.Collections.Generic.List`1[OpenQA.Selenium.IWebElement]
2025-01-07 19:34:45,646 [NonParallelWorker] INFO  iCargoUIAutomation.pages.MaintainBookingPage - Pet Connect Product Button Count: 0
2025-01-07 19:34:45,679 [NonParallelWorker] INFO  iCargoUIAutomation.pages.BasePage - Extracted the text PRIORITY
2025-01-07 19:34:45,699 [NonParallelWorker] INFO  iCargoUIAutomation.pages.BasePage - Extracted the attribute value badge-orange
2025-01-07 19:34:45,727 [NonParallelWorker] INFO  iCargoUIAutomation.pages.BasePage - Extracted the attribute value badge-default
2025-01-07 19:34:45,744 [NonParallelWorker] INFO  iCargoUIAutomation.pages.BasePage - Extracted the attribute value badge-default
2025-01-07 19:34:45,763 [NonParallelWorker] INFO  iCargoUIAutomation.pages.BasePage - Extracted the attribute value 
2025-01-07 19:34:45,783 [NonParallelWorker] INFO  iCargoUIAutomation.pages.BasePage - Extracted the text 07-Jan
2025-01-07 19:34:45,822 [NonParallelWorker] INFO  iCargoUIAutomation.pages.BasePage - The element By.XPath: //strong[text()='PRIORITY']/parent::div/parent::div/parent::div is visible
2025-01-07 19:34:46,485 [NonParallelWorker] INFO  iCargoUIAutomation.pages.BasePage - Clicked on the element Element (id = f.E90CB9324769696F1DC74423ED2ED751.d.C74852BF8C867FB75B9A4F75F17EC163.e.5006)
2025-01-07 19:34:46,493 [NonParallelWorker] INFO  iCargoUIAutomation.pages.MaintainBookingPage - Selected Priority Product
2025-01-07 19:34:46,549 [NonParallelWorker] INFO  iCargoUIAutomation.pages.BasePage - The element By.XPath: //button[@accesskey='K'] is visible
2025-01-07 19:34:46,645 [NonParallelWorker] INFO  iCargoUIAutomation.pages.MaintainBookingPage - Clicked Flight Details OK Button
2025-01-07 19:34:46,767 [NonParallelWorker] INFO  iCargoUIAutomation.pages.BasePage - Switched to frame
2025-01-07 19:34:46,776 [NonParallelWorker] INFO  iCargoUIAutomation.pages.MaintainBookingPage - Switched to CAP018 Frame
2025-01-07 19:34:46,822 [NonParallelWorker] INFO  iCargoUIAutomation.pages.BasePage - The number of windows opened are: 2
2025-01-07 19:35:08,068 [NonParallelWorker] INFO  iCargoUIAutomation.pages.BasePage - The element By.XPath: //*[@class='ui-dialog-buttonpane ui-widget-content ui-helper-clearfix']//*[text()=' Yes '] is invisible
2025-01-07 19:35:08,116 [NonParallelWorker] INFO  iCargoUIAutomation.pages.BasePage - The element By.XPath: //button[@id='btSave'] is visible
2025-01-07 19:35:13,511 [NonParallelWorker] INFO  iCargoUIAutomation.pages.BasePage - Clicked on the element By.XPath: //button[@id='btSave']
2025-01-07 19:35:13,527 [NonParallelWorker] INFO  iCargoUIAutomation.pages.MaintainBookingPage - Clicked Save Button
2025-01-07 19:35:33,620 [NonParallelWorker] INFO  iCargoUIAutomation.pages.BasePage - The element By.XPath: //*[@class='ui-dialog-buttonpane ui-widget-content ui-helper-clearfix']//*[text()=' Yes '] is invisible
2025-01-07 19:35:33,638 [NonParallelWorker] ERROR iCargoUIAutomation.pages.MaintainBookingPage - Error in Clicking Yes on Embargo Warnings: Index was out of range. Must be non-negative and less than the size of the collection. (Parameter 'index')
2025-01-07 19:35:33,651 [NonParallelWorker] INFO  iCargoUIAutomation.pages.BasePage - Switched to default content
2025-01-07 19:35:33,696 [NonParallelWorker] INFO  iCargoUIAutomation.pages.BasePage - The element By.CssSelector: .alert-messages-ui is visible
2025-01-07 19:35:33,736 [NonParallelWorker] INFO  iCargoUIAutomation.pages.BasePage - The element By.XPath: //*[@class='ui-dialog-buttonpane ui-widget-content ui-helper-clearfix']//*[text()=' Yes '] is visible
2025-01-07 19:35:33,768 [NonParallelWorker] INFO  iCargoUIAutomation.pages.BasePage - The element By.XPath: //*[@class='ui-dialog-buttonpane ui-widget-content ui-helper-clearfix']//*[text()=' Yes '] is visible
2025-01-07 19:35:34,215 [NonParallelWorker] INFO  iCargoUIAutomation.pages.BasePage - Clicked on the element By.XPath: //*[@class='ui-dialog-buttonpane ui-widget-content ui-helper-clearfix']//*[text()=' Yes ']
2025-01-07 19:35:54,272 [NonParallelWorker] INFO  iCargoUIAutomation.pages.BasePage - The element By.XPath: //*[@class='ui-dialog-buttonpane ui-widget-content ui-helper-clearfix']//*[text()=' Yes '] is invisible
2025-01-07 19:36:14,328 [NonParallelWorker] INFO  iCargoUIAutomation.pages.BasePage - Switched to the last window
2025-01-07 19:36:14,337 [NonParallelWorker] INFO  iCargoUIAutomation.pages.MaintainBookingPage - Clicked Yes on Popup Warnings
2025-01-07 19:36:14,349 [NonParallelWorker] INFO  iCargoUIAutomation.pages.BasePage - The number of windows opened are: 3
2025-01-07 19:36:14,362 [NonParallelWorker] INFO  iCargoUIAutomation.pages.BasePage - Switched to the last window
2025-01-07 19:36:34,467 [NonParallelWorker] INFO  iCargoUIAutomation.pages.BasePage - The element By.XPath: //*[@class='ui-dialog-buttonpane ui-widget-content ui-helper-clearfix']//*[text()=' Yes '] is invisible
2025-01-07 19:36:34,530 [NonParallelWorker] INFO  iCargoUIAutomation.pages.BasePage - The element By.XPath: //label[contains(text(), 'AWB : ')]/b is visible
2025-01-07 19:36:34,574 [NonParallelWorker] INFO  iCargoUIAutomation.pages.BasePage - Extracted the text 027-33526872
2025-01-07 19:36:34,581 [NonParallelWorker] INFO  iCargoUIAutomation.pages.MaintainBookingPage - AWB Number: 027-33526872
2025-01-07 19:36:34,655 [NonParallelWorker] INFO  iCargoUIAutomation.pages.BasePage - The element By.XPath: //button[@id='CMP_Capacity_Booking_BookingSummary_Ok_Button'] is clickable
2025-01-07 19:36:34,979 [NonParallelWorker] INFO  iCargoUIAutomation.pages.BasePage - Clicked on the element By.XPath: //button[@id='CMP_Capacity_Booking_BookingSummary_Ok_Button']
2025-01-07 19:36:34,992 [NonParallelWorker] INFO  iCargoUIAutomation.pages.MaintainBookingPage - Clicked OK Button on Booking Summary Popup
2025-01-07 19:36:35,131 [NonParallelWorker] INFO  iCargoUIAutomation.pages.BasePage - Switched to the last window
2025-01-07 19:36:35,138 [NonParallelWorker] INFO  iCargoUIAutomation.pages.MaintainBookingPage - Switched to Last Window
2025-01-07 19:36:36,681 [NonParallelWorker] INFO  iCargoUIAutomation.pages.BasePage - Switched to frame
2025-01-07 19:36:36,691 [NonParallelWorker] INFO  iCargoUIAutomation.pages.MaintainBookingPage - Switched to CAP018 Frame
2025-01-07 19:36:36,699 [NonParallelWorker] INFO  iCargoUIAutomation.pages.MaintainBookingPage - Switched to CAP018 Frame
2025-01-07 19:36:56,772 [NonParallelWorker] INFO  iCargoUIAutomation.pages.BasePage - The element By.XPath: //button[@id='CMP_Capacity_Booking_BookingSummary_Ok_Button'] is invisible
2025-01-07 19:36:56,810 [NonParallelWorker] INFO  iCargoUIAutomation.pages.BasePage - The element By.Id: btClear is visible
2025-01-07 19:36:58,418 [NonParallelWorker] INFO  iCargoUIAutomation.pages.BasePage - Clicked on the element By.Id: btClear
2025-01-07 19:36:58,430 [NonParallelWorker] INFO  iCargoUIAutomation.pages.MaintainBookingPage - Clicked Clear Maintain Booking Button
2025-01-07 19:37:02,372 [NonParallelWorker] INFO  iCargoUIAutomation.pages.BasePage - Switched to default content
2025-01-07 19:37:03,007 [NonParallelWorker] INFO  iCargoUIAutomation.pages.BasePage - Clicked on the element By.XPath: //*[@id='header_panel']//*[@class='ic-header-menu-icon' and @title='Click Here']
2025-01-07 19:37:03,722 [NonParallelWorker] INFO  iCargoUIAutomation.pages.BasePage - Clicked on the element By.XPath: //*[@class='ic-header-items-sub-menu']//*[@class='ic-log-off']/a
2025-01-07 19:37:04,013 [NonParallelWorker] INFO  iCargoUIAutomation.pages.BasePage - Clicked on the element By.XPath: //button[text()=' Yes ']
2025-01-07 19:37:04,113 [NonParallelWorker] INFO  iCargoUIAutomation.pages.homePage - Logged out of iCargo
